0 info it worked if it ends with ok
1 verbose cli [ '/home/ubuntu/.nvm/versions/node/v4.6.1/bin/node',
1 verbose cli   '/home/ubuntu/.nvm/versions/node/v4.6.1/bin/npm',
1 verbose cli   'dist-tag',
1 verbose cli   'add',
1 verbose cli   'pdf2json@latest' ]
2 info using npm@2.15.9
3 info using node@v4.6.1
4 verbose dist-tag add latest to pdf2json@latest
5 silly mapToRegistry name pdf2json
6 silly mapToRegistry using default registry
7 silly mapToRegistry registry https://registry.npmjs.org/
8 silly mapToRegistry data Result {
8 silly mapToRegistry   raw: 'pdf2json',
8 silly mapToRegistry   scope: null,
8 silly mapToRegistry   name: 'pdf2json',
8 silly mapToRegistry   rawSpec: '',
8 silly mapToRegistry   spec: 'latest',
8 silly mapToRegistry   type: 'tag' }
9 silly mapToRegistry uri https://registry.npmjs.org/pdf2json
10 verbose request uri https://registry.npmjs.org/-/package/pdf2json/dist-tags
11 verbose request no auth needed
12 info attempt registry request try #1 at 4:55:45 PM
13 verbose request id 8bf011e5e9eae1e6
14 http request GET https://registry.npmjs.org/-/package/pdf2json/dist-tags
15 http 200 https://registry.npmjs.org/-/package/pdf2json/dist-tags
16 verbose headers { server: 'CouchDB/1.5.0 (Erlang OTP/R16B03)',
16 verbose headers   etag: '"KZ9KNMS49A9199RCPXR35QYQ"',
16 verbose headers   'content-type': 'application/json',
16 verbose headers   'content-encoding': 'gzip',
16 verbose headers   'cache-control': 'max-age=300',
16 verbose headers   'content-length': '38',
16 verbose headers   'accept-ranges': 'bytes',
16 verbose headers   date: 'Mon, 13 Feb 2017 16:55:45 GMT',
16 verbose headers   via: '1.1 varnish',
16 verbose headers   age: '0',
16 verbose headers   connection: 'keep-alive',
16 verbose headers   'x-served-by': 'cache-ord1745-ORD',
16 verbose headers   'x-cache': 'MISS',
16 verbose headers   'x-cache-hits': '0',
16 verbose headers   'x-timer': 'S1487004945.245360,VS0,VE459',
16 verbose headers   vary: 'Accept-Encoding' }
17 silly mapToRegistry name pdf2json
18 silly mapToRegistry using default registry
19 silly mapToRegistry registry https://registry.npmjs.org/
20 silly mapToRegistry data Result {
20 silly mapToRegistry   raw: 'pdf2json',
20 silly mapToRegistry   scope: null,
20 silly mapToRegistry   name: 'pdf2json',
20 silly mapToRegistry   rawSpec: '',
20 silly mapToRegistry   spec: 'latest',
20 silly mapToRegistry   type: 'tag' }
21 silly mapToRegistry uri https://registry.npmjs.org/pdf2json
22 verbose request uri https://registry.npmjs.org/-/package/pdf2json/dist-tags/latest
23 verbose request sending authorization for write operation
24 info attempt registry request try #1 at 4:55:45 PM
25 info retry will retry, error on last attempt: Error: This request requires auth credentials. Run `npm login` and repeat the request.
26 info attempt registry request try #2 at 4:55:55 PM
27 info retry will retry, error on last attempt: Error: This request requires auth credentials. Run `npm login` and repeat the request.
28 info attempt registry request try #3 at 4:56:55 PM
29 verbose request invalidating /home/ubuntu/.npm/registry.npmjs.org/-/package/pdf2json/dist-tags/latest on PUT
30 verbose stack Error: This request requires auth credentials. Run `npm login` and repeat the request.
30 verbose stack     at CachingRegistryClient.authify (/home/ubuntu/.nvm/versions/node/v4.6.1/lib/node_modules/npm/node_modules/npm-registry-client/lib/authify.js:17:14)
30 verbose stack     at CachingRegistryClient.makeRequest (/home/ubuntu/.nvm/versions/node/v4.6.1/lib/node_modules/npm/node_modules/npm-registry-client/lib/request.js:103:17)
30 verbose stack     at /home/ubuntu/.nvm/versions/node/v4.6.1/lib/node_modules/npm/node_modules/npm-registry-client/lib/request.js:66:17
30 verbose stack     at RetryOperation._fn (/home/ubuntu/.nvm/versions/node/v4.6.1/lib/node_modules/npm/node_modules/npm-registry-client/lib/attempt.js:18:5)
30 verbose stack     at null._onTimeout (/home/ubuntu/.nvm/versions/node/v4.6.1/lib/node_modules/npm/node_modules/npm-registry-client/node_modules/retry/lib/retry_operation.js:49:10)
30 verbose stack     at Timer.listOnTimeout (timers.js:92:15)
31 verbose cwd /home/ubuntu/workspace
32 error Linux 4.8.2-c9
33 error argv "/home/ubuntu/.nvm/versions/node/v4.6.1/bin/node" "/home/ubuntu/.nvm/versions/node/v4.6.1/bin/npm" "dist-tag" "add" "pdf2json@latest"
34 error node v4.6.1
35 error npm  v2.15.9
36 error This request requires auth credentials. Run `npm login` and repeat the request.
37 error If you need help, you may report this error at:
37 error     <https://github.com/npm/npm/issues>
38 verbose exit [ 1, true ]
